2024-12-15 02:12:195 INFO  LoginPage :23 - Clicking on login link : [[ChromeDriver: chrome on windows (16e921cbd43ba552876a626d95d425b7)] -> xpath: //a[normalize-space()='Log in']]
2024-12-15 02:12:237 INFO  LoginPage :21 - Getting text from : [[ChromeDriver: chrome on windows (16e921cbd43ba552876a626d95d425b7)] -> xpath: //h1[normalize-space()='Welcome, Please Sign In!']]
2024-12-15 10:12:265 INFO  HomePage :22 - Clicking on login link : [[ChromeDriver: chrome on windows (883c671dea2257b5e2d8d73e82d3959d)] -> link text: Log in]
2024-12-15 10:12:123 INFO  HomePage :22 - Clicking on login link : [[ChromeDriver: chrome on windows (a07f422d8fc8f9604e26fcba9c87f952)] -> link text: Log in]
2024-12-15 10:12:482 INFO  HomePage :22 - Clicking on login link : [[ChromeDriver: chrome on windows (eb00b50e1eda1d88dc2e1bc64ed61b89)] -> link text: Log in]
2024-12-15 10:12:168 INFO  HomePage :22 - Clicking on login link : [[ChromeDriver: chrome on windows (7404fb8e89c328320755f91f69bb7719)] -> link text: Log in]
2024-12-15 10:12:254 INFO  LoginPage :22 - Getting text from : [[ChromeDriver: chrome on windows (7404fb8e89c328320755f91f69bb7719)] -> xpath: //h1[normalize-space()='Welcome, Please Sign In!']]
2024-12-15 19:12:476 INFO  HomePage :22 - Clicking on login link : [[ChromeDriver: chrome on windows (d0a146848cb4abe8551f0fff42f8545e)] -> link text: Log in]
2024-12-15 20:12:533 INFO  HomePage :22 - Clicking on login link : [[ChromeDriver: chrome on windows (e79bd5face7d39f790d9ffa0940b86fd)] -> link text: Log in]
2024-12-15 20:12:741 INFO  HomePage :22 - Clicking on login link : [[ChromeDriver: chrome on windows (f39fc8bd4e560628d9e16d3b4e24f25a)] -> link text: Log in]
2024-12-15 21:12:984 INFO  HomePage :22 - Clicking on login link : [[ChromeDriver: chrome on windows (a5588af95b534b5b9b647aa17cfc9bf0)] -> link text: Log in]
2024-12-15 21:12:825 INFO  HomePage :22 - Clicking on login link : [[ChromeDriver: chrome on windows (73905a5203cb0b5cef4184d978bff4f2)] -> link text: Log in]
2024-12-15 21:12:264 INFO  HomePage :22 - Clicking on login link : [[ChromeDriver: chrome on windows (ef24ca19241946d0b7c6130b9596f887)] -> link text: Log in]
2024-12-15 21:12:679 INFO  HomePage :22 - Clicking on login link : [[ChromeDriver: chrome on windows (c2d792290f614360643570baa77066ba)] -> link text: Log in]
2024-12-15 21:12:206 INFO  HomePage :22 - Clicking on login link : [[ChromeDriver: chrome on windows (ace0a64cfe70256af9ca877b5029d470)] -> link text: Log in]
2024-12-15 21:12:443 INFO  HomePage :22 - Clicking on login link : [[ChromeDriver: chrome on windows (31ccd7762e561e22e104d09667ee96fb)] -> link text: Log in]
2024-12-15 21:12:753 INFO  HomePage :22 - Clicking on login link : [[ChromeDriver: chrome on windows (8e2a579505870d5683b11f90c5587e45)] -> link text: Log in]
2024-12-15 21:12:57 INFO  HomePage :22 - Clicking on login link : [[ChromeDriver: chrome on windows (a314759c5ae7d511ca0609aa5458866b)] -> link text: Log in]
2024-12-15 21:12:354 INFO  HomePage :22 - Clicking on login link : [[ChromeDriver: chrome on windows (4a2ede431a60863dba16524dc9eac976)] -> link text: Log in]
2024-12-15 22:12:993 INFO  HomePage :26 - Clicking on login link : [[ChromeDriver: chrome on windows (b4ac66c690c1eb41b809773cee82ace5)] -> link text: Log in]
2024-12-15 22:12:554 INFO  HomePage :26 - Clicking on login link : [[ChromeDriver: chrome on windows (59ae4959948689f13985cb0db21e2fc6)] -> link text: Log in]
2024-12-15 22:12:60 INFO  HomePage :26 - Clicking on login link : [[ChromeDriver: chrome on windows (404b11ffc644d85d60c7eb4d05fb9800)] -> link text: Log in]
2024-12-15 22:12:827 INFO  HomePage :26 - Clicking on login link : [[ChromeDriver: chrome on windows (71d5c3c8a37ffd581e1fc169cbd6e694)] -> link text: Log in]
2024-12-15 22:12:985 INFO  HomePage :26 - Clicking on login link : [[ChromeDriver: chrome on windows (139b92fca0f8c2220dedfdda0b361ebc)] -> link text: Log in]
2024-12-15 23:12:852 INFO  HomePage :31 - Clicking on login link : [[ChromeDriver: chrome on windows (42cbd0a22530bc3ba59c8ec25cc899f2)] -> link text: Log in]
2024-12-15 23:12:827 INFO  HomePage :31 - Clicking on login link : [[ChromeDriver: chrome on windows (90a4460d123aeb2e4530e74cb665270d)] -> link text: Log in]
2024-12-15 23:12:980 INFO  HomePage :31 - Clicking on login link : [[ChromeDriver: chrome on windows (92d538de69197f7b81ed95e6884cd4ba)] -> link text: Log in]
2024-12-15 23:12:230 INFO  HomePage :31 - Clicking on login link : [[ChromeDriver: chrome on windows (449a7286cb58a2e7c2bc8f8d70262fee)] -> link text: Log in]
2024-12-16 09:12:349 INFO  HomePage :55 - Clicking on computer tab : [[ChromeDriver: chrome on windows (b97882ef38f2de376f8c1238eb109d3a)] -> xpath: //div[@class='header-menu']/ul[1]/li[2]/a]
2024-12-16 09:12:929 INFO  LoginPage :34 - Clicking on the Desktop :[[ChromeDriver: chrome on windows (b97882ef38f2de376f8c1238eb109d3a)] -> xpath: //img[@title='Show products in category Desktops']]
2024-12-16 09:12:38 INFO  HomePage :76 - Register Text :Proxy element for: DefaultElementLocator 'By.xpath: //h1[normalize-space()='Register']'
2024-12-16 09:12:54 INFO  HomePage :31 - Clicking on login link : [[ChromeDriver: chrome on windows (b89b50b35c3ff2cc1695f7c1cda7c207)] -> link text: Log in]
2024-12-16 09:12:148 INFO  LoginPage :47 - Enter Email : [[ChromeDriver: chrome on windows (b89b50b35c3ff2cc1695f7c1cda7c207)] -> xpath: //input[@id='Email']]
2024-12-16 09:12:236 INFO  LoginPage :55 - Enter Password : [[ChromeDriver: chrome on windows (b89b50b35c3ff2cc1695f7c1cda7c207)] -> xpath: //input[@id='Password']]
2024-12-16 09:12:861 INFO  LoginPage :63 - Clicking on the login button : [[ChromeDriver: chrome on windows (b89b50b35c3ff2cc1695f7c1cda7c207)] -> xpath: //input[@value='Log in']]
2024-12-16 09:12:960 INFO  LoginPage :70 - Error message : [[ChromeDriver: chrome on windows (b89b50b35c3ff2cc1695f7c1cda7c207)] -> xpath: //div[@class='validation-summary-errors']]
2024-12-16 09:12:96 INFO  HomePage :47 - Clicking on register link : [[ChromeDriver: chrome on windows (55c49133c4b1e3056b64d9d59f82367d)] -> xpath: //a[normalize-space()='Register']]
2024-12-16 09:12:371 INFO  HomePage :85 - Clicking on register button :[[ChromeDriver: chrome on windows (55c49133c4b1e3056b64d9d59f82367d)] -> xpath: //input[@id='register-button']]
2024-12-16 09:12:399 INFO  HomePage :92 - First Name Error Message :[[ChromeDriver: chrome on windows (55c49133c4b1e3056b64d9d59f82367d)] -> css selector: span[for='FirstName']]
2024-12-16 09:12:442 INFO  HomePage :100 - Last Name Error Message :[[ChromeDriver: chrome on windows (55c49133c4b1e3056b64d9d59f82367d)] -> css selector: span[for='LastName']]
2024-12-16 09:12:479 INFO  HomePage :108 - Email error message :[[ChromeDriver: chrome on windows (55c49133c4b1e3056b64d9d59f82367d)] -> css selector: span[for='Email']]
2024-12-16 09:12:521 INFO  HomePage :116 - Password error message :[[ChromeDriver: chrome on windows (55c49133c4b1e3056b64d9d59f82367d)] -> css selector: span[for='Password']]
2024-12-16 09:12:562 INFO  HomePage :124 - Confirm Password Error Message :[[ChromeDriver: chrome on windows (55c49133c4b1e3056b64d9d59f82367d)] -> css selector: span[for='ConfirmPassword']]
2024-12-16 09:12:689 INFO  HomePage :47 - Clicking on register link : [[ChromeDriver: chrome on windows (d23c682a0bbdaedd84b803a33eb41ae1)] -> xpath: //a[normalize-space()='Register']]
2024-12-16 09:12:777 INFO  HomePage :76 - Desktop Text :Proxy element for: DefaultElementLocator 'By.xpath: //h1[normalize-space()='Desktops']'
2024-12-16 09:12:575 INFO  HomePage :55 - Clicking on computer tab : [[ChromeDriver: chrome on windows (1a52d50736c68e502fbad9b156bbfacc)] -> xpath: //div[@class='header-menu']/ul[1]/li[2]/a]
2024-12-16 09:12:676 INFO  HomePage :76 - Desktop Text :Proxy element for: DefaultElementLocator 'By.xpath: //h1[normalize-space()='Desktops']'
2024-12-16 09:12:383 INFO  HomePage :31 - Clicking on login link : [[ChromeDriver: chrome on windows (b382661e7f02fdab630014d9b889a058)] -> link text: Log in]
2024-12-16 09:12:469 INFO  LoginPage :37 - Welcome text  : [[ChromeDriver: chrome on windows (b382661e7f02fdab630014d9b889a058)] -> xpath: //h1[normalize-space()='Welcome, Please Sign In!']]
2024-12-16 09:12:653 INFO  HomePage :47 - Clicking on register link : [[ChromeDriver: chrome on windows (4e253f7b7f422033a5e1edefb062ea72)] -> xpath: //a[normalize-space()='Register']]
2024-12-16 09:12:689 INFO  HomePage :76 - Desktop Text :Proxy element for: DefaultElementLocator 'By.xpath: //h1[normalize-space()='Desktops']'
2024-12-16 09:12:661 INFO  HomePage :55 - Clicking on computer tab : [[ChromeDriver: chrome on windows (9800884cfcba423c6ce5a0ef65409418)] -> xpath: //div[@class='header-menu']/ul[1]/li[2]/a]
2024-12-16 09:12:720 INFO  HomePage :76 - Desktop Text :Proxy element for: DefaultElementLocator 'By.xpath: //h1[normalize-space()='Register']'
2024-12-16 09:12:377 INFO  HomePage :31 - Clicking on login link : [[ChromeDriver: chrome on windows (d32e6fc3f7b20e1f3eadfb0e19b81fd8)] -> link text: Log in]
2024-12-16 09:12:443 INFO  LoginPage :37 - Welcome text  : [[ChromeDriver: chrome on windows (d32e6fc3f7b20e1f3eadfb0e19b81fd8)] -> xpath: //h1[normalize-space()='Welcome, Please Sign In!']]
2024-12-16 09:12:695 INFO  HomePage :47 - Clicking on register link : [[ChromeDriver: chrome on windows (1852f92778a7609277978d90293b8be7)] -> xpath: //a[normalize-space()='Register']]
2024-12-16 09:12:736 INFO  HomePage :76 - Desktop Text :[[ChromeDriver: chrome on windows (1852f92778a7609277978d90293b8be7)] -> xpath: //h1[normalize-space()='Register']]
2024-12-16 09:12:874 INFO  HomePage :55 - Clicking on computer tab : [[ChromeDriver: chrome on windows (51fa3276024a60573deea7b08cdc5bd1)] -> xpath: //div[@class='header-menu']/ul[1]/li[2]/a]
2024-12-16 09:12:940 INFO  HomePage :76 - Register Text :[[ChromeDriver: chrome on windows (51fa3276024a60573deea7b08cdc5bd1)] -> css selector: div[class='page-title'] h1]
2024-12-16 09:12:15 INFO  HomePage :31 - Clicking on login link : [[ChromeDriver: chrome on windows (ad1dedd9234c4f2da5d1885f088b6de1)] -> link text: Log in]
2024-12-16 09:12:73 INFO  LoginPage :37 - Welcome text  : [[ChromeDriver: chrome on windows (ad1dedd9234c4f2da5d1885f088b6de1)] -> xpath: //h1[normalize-space()='Welcome, Please Sign In!']]
2024-12-16 09:12:171 INFO  HomePage :47 - Clicking on register link : [[ChromeDriver: chrome on windows (d73730f096cc0fd99bb412b6fe72531b)] -> xpath: //a[normalize-space()='Register']]
2024-12-16 09:12:222 INFO  HomePage :76 - Register Text :[[ChromeDriver: chrome on windows (d73730f096cc0fd99bb412b6fe72531b)] -> css selector: div[class='page-title'] h1]
2024-12-16 09:12:486 INFO  HomePage :55 - Clicking on computer tab : [[ChromeDriver: chrome on windows (72f1d92cdbc51f56ce008c033c3a3fde)] -> xpath: //div[@class='header-menu']/ul[1]/li[2]/a]
2024-12-16 09:12:260 INFO  LoginPage :34 - Clicking on the Desktop :[[ChromeDriver: chrome on windows (72f1d92cdbc51f56ce008c033c3a3fde)] -> xpath: //img[@title='Show products in category Desktops']]
2024-12-16 09:12:288 INFO  HomePage :76 - Register Text :[[ChromeDriver: chrome on windows (72f1d92cdbc51f56ce008c033c3a3fde)] -> css selector: div[class='page-title'] h1]
2024-12-16 09:12:541 INFO  HomePage :31 - Clicking on login link : [[ChromeDriver: chrome on windows (b80504ae8dd9e966c498b50d3ae7ce32)] -> link text: Log in]
2024-12-16 09:12:754 INFO  LoginPage :47 - Enter Email : [[ChromeDriver: chrome on windows (b80504ae8dd9e966c498b50d3ae7ce32)] -> xpath: //input[@id='Email']]
2024-12-16 09:12:869 INFO  LoginPage :55 - Enter Password : [[ChromeDriver: chrome on windows (b80504ae8dd9e966c498b50d3ae7ce32)] -> xpath: //input[@id='Password']]
2024-12-16 09:12:138 INFO  LoginPage :63 - Clicking on the login button : [[ChromeDriver: chrome on windows (b80504ae8dd9e966c498b50d3ae7ce32)] -> xpath: //input[@value='Log in']]
2024-12-16 09:12:315 INFO  LoginPage :70 - Error message : [[ChromeDriver: chrome on windows (b80504ae8dd9e966c498b50d3ae7ce32)] -> xpath: //div[@class='validation-summary-errors']]
2024-12-16 09:12:225 INFO  HomePage :47 - Clicking on register link : [[ChromeDriver: chrome on windows (0517c85968921eda406e9f8a77f08906)] -> xpath: //a[normalize-space()='Register']]
2024-12-16 09:12:417 INFO  HomePage :85 - Clicking on register button :[[ChromeDriver: chrome on windows (0517c85968921eda406e9f8a77f08906)] -> xpath: //input[@id='register-button']]
2024-12-16 09:12:439 INFO  HomePage :92 - First Name Error Message :[[ChromeDriver: chrome on windows (0517c85968921eda406e9f8a77f08906)] -> css selector: span[for='FirstName']]
2024-12-16 09:12:468 INFO  HomePage :100 - Last Name Error Message :[[ChromeDriver: chrome on windows (0517c85968921eda406e9f8a77f08906)] -> css selector: span[for='LastName']]
2024-12-16 09:12:514 INFO  HomePage :108 - Email error message :[[ChromeDriver: chrome on windows (0517c85968921eda406e9f8a77f08906)] -> css selector: span[for='Email']]
2024-12-16 09:12:548 INFO  HomePage :116 - Password error message :[[ChromeDriver: chrome on windows (0517c85968921eda406e9f8a77f08906)] -> css selector: span[for='Password']]
2024-12-16 09:12:586 INFO  HomePage :124 - Confirm Password Error Message :[[ChromeDriver: chrome on windows (0517c85968921eda406e9f8a77f08906)] -> css selector: span[for='ConfirmPassword']]
2024-12-16 17:12:224 INFO  HomePage :55 - Clicking on computer tab : [[ChromeDriver: chrome on windows (541b733dfec944bca7692f5e3f5141c0)] -> xpath: //div[@class='header-menu']/ul[1]/li[2]/a]
2024-12-16 17:12:819 INFO  LoginPage :34 - Clicking on the Desktop :[[ChromeDriver: chrome on windows (541b733dfec944bca7692f5e3f5141c0)] -> xpath: //img[@title='Show products in category Desktops']]
2024-12-16 17:12:96 INFO  LoginPage :22 - Clicking on the build your own computer :[[ChromeDriver: chrome on windows (541b733dfec944bca7692f5e3f5141c0)] -> xpath: //a[normalize-space()='Build your own computer']]
2024-12-16 17:12:56 INFO  HomePage :55 - Clicking on computer tab : [[ChromeDriver: chrome on windows (14e8dbbd415e3e13c824cd10f4aa997b)] -> xpath: //div[@class='header-menu']/ul[1]/li[2]/a]
2024-12-16 17:12:760 INFO  LoginPage :34 - Clicking on the Desktop :[[ChromeDriver: chrome on windows (14e8dbbd415e3e13c824cd10f4aa997b)] -> xpath: //img[@title='Show products in category Desktops']]
2024-12-16 17:12:399 INFO  LoginPage :22 - Clicking on the build your own computer :[[ChromeDriver: chrome on windows (14e8dbbd415e3e13c824cd10f4aa997b)] -> xpath: //a[normalize-space()='Build your own computer']]
2024-12-16 17:12:383 INFO  HomePage :55 - Clicking on computer tab : [[ChromeDriver: chrome on windows (e2bb7a6ef53f7dec887f389995db6690)] -> xpath: //div[@class='header-menu']/ul[1]/li[2]/a]
2024-12-16 17:12:937 INFO  LoginPage :34 - Clicking on the Desktop :[[ChromeDriver: chrome on windows (e2bb7a6ef53f7dec887f389995db6690)] -> xpath: //img[@title='Show products in category Desktops']]
2024-12-16 17:12:01 INFO  LoginPage :22 - Clicking on the build your own computer :[[ChromeDriver: chrome on windows (e2bb7a6ef53f7dec887f389995db6690)] -> xpath: //a[normalize-space()='Build your own computer']]
2024-12-16 17:12:157 INFO  HomePage :44 - Select Processor :[[ChromeDriver: chrome on windows (e2bb7a6ef53f7dec887f389995db6690)] -> css selector: #product_attribute_16_5_4]
2024-12-16 17:12:243 INFO  HomePage :52 - Select RAM :[[ChromeDriver: chrome on windows (e2bb7a6ef53f7dec887f389995db6690)] -> css selector: #product_attribute_16_6_5]
2024-12-16 17:12:361 INFO  HomePage :72 - Select HDD :[[[ChromeDriver: chrome on windows (e2bb7a6ef53f7dec887f389995db6690)] -> css selector: body > div:nth-child(4) > div:nth-child(1) > div:nth-child(5) > div:nth-child(2) > div:nth-child(2) > div:nth-child(1) > form:nth-child(1) > div:nth-child(1) > div:nth-child(1) > div:nth-child(2) > div:nth-child(6) > dl:nth-child(1) > dd:nth-child(6) > ul>li>label], [[ChromeDriver: chrome on windows (e2bb7a6ef53f7dec887f389995db6690)] -> css selector: body > div:nth-child(4) > div:nth-child(1) > div:nth-child(5) > div:nth-child(2) > div:nth-child(2) > div:nth-child(1) > form:nth-child(1) > div:nth-child(1) > div:nth-child(1) > div:nth-child(2) > div:nth-child(6) > dl:nth-child(1) > dd:nth-child(6) > ul>li>label]]
2024-12-16 17:12:485 INFO  HomePage :84 - Select OS :[[[ChromeDriver: chrome on windows (e2bb7a6ef53f7dec887f389995db6690)] -> css selector: body > div:nth-child(4) > div:nth-child(1) > div:nth-child(5) > div:nth-child(2) > div:nth-child(2) > div:nth-child(1) > form:nth-child(1) > div:nth-child(1) > div:nth-child(1) > div:nth-child(2) > div:nth-child(6) > dl:nth-child(1) > dd:nth-child(8) > ul:nth-child(1) > li>label], [[ChromeDriver: chrome on windows (e2bb7a6ef53f7dec887f389995db6690)] -> css selector: body > div:nth-child(4) > div:nth-child(1) > div:nth-child(5) > div:nth-child(2) > div:nth-child(2) > div:nth-child(1) > form:nth-child(1) > div:nth-child(1) > div:nth-child(1) > div:nth-child(2) > div:nth-child(6) > dl:nth-child(1) > dd:nth-child(8) > ul:nth-child(1) > li>label], [[ChromeDriver: chrome on windows (e2bb7a6ef53f7dec887f389995db6690)] -> css selector: body > div:nth-child(4) > div:nth-child(1) > div:nth-child(5) > div:nth-child(2) > div:nth-child(2) > div:nth-child(1) > form:nth-child(1) > div:nth-child(1) > div:nth-child(1) > div:nth-child(2) > div:nth-child(6) > dl:nth-child(1) > dd:nth-child(8) > ul:nth-child(1) > li>label]]
2024-12-16 17:12:650 INFO  HomePage :96 - Select Software :[[[ChromeDriver: chrome on windows (e2bb7a6ef53f7dec887f389995db6690)] -> css selector: body > div:nth-child(4) > div:nth-child(1) > div:nth-child(5) > div:nth-child(2) > div:nth-child(2) > div:nth-child(1) > form:nth-child(1) > div:nth-child(1) > div:nth-child(1) > div:nth-child(2) > div:nth-child(6) > dl:nth-child(1) > dd:nth-child(10) > ul:nth-child(1) > li>label], [[ChromeDriver: chrome on windows (e2bb7a6ef53f7dec887f389995db6690)] -> css selector: body > div:nth-child(4) > div:nth-child(1) > div:nth-child(5) > div:nth-child(2) > div:nth-child(2) > div:nth-child(1) > form:nth-child(1) > div:nth-child(1) > div:nth-child(1) > div:nth-child(2) > div:nth-child(6) > dl:nth-child(1) > dd:nth-child(10) > ul:nth-child(1) > li>label], [[ChromeDriver: chrome on windows (e2bb7a6ef53f7dec887f389995db6690)] -> css selector: body > div:nth-child(4) > div:nth-child(1) > div:nth-child(5) > div:nth-child(2) > div:nth-child(2) > div:nth-child(1) > form:nth-child(1) > div:nth-child(1) > div:nth-child(1) > div:nth-child(2) > div:nth-child(6) > dl:nth-child(1) > dd:nth-child(10) > ul:nth-child(1) > li>label]]
2024-12-16 17:12:792 INFO  HomePage :60 - Click on Add To Cart Button :[[ChromeDriver: chrome on windows (e2bb7a6ef53f7dec887f389995db6690)] -> xpath: //div[@class='add-to-cart-panel']/input[2]]
2024-12-16 17:12:860 INFO  HomePage :172 - Registered User Message :Proxy element for: DefaultElementLocator 'By.cssSelector: .result'
2024-12-16 17:12:678 INFO  HomePage :55 - Clicking on computer tab : [[ChromeDriver: chrome on windows (89d20c5214eed8b3a8000ff6e1ff6aeb)] -> xpath: //div[@class='header-menu']/ul[1]/li[2]/a]
2024-12-16 17:12:241 INFO  LoginPage :34 - Clicking on the Desktop :[[ChromeDriver: chrome on windows (89d20c5214eed8b3a8000ff6e1ff6aeb)] -> xpath: //img[@title='Show products in category Desktops']]
2024-12-16 17:12:327 INFO  LoginPage :22 - Clicking on the build your own computer :[[ChromeDriver: chrome on windows (89d20c5214eed8b3a8000ff6e1ff6aeb)] -> xpath: //a[normalize-space()='Build your own computer']]
2024-12-16 17:12:417 INFO  HomePage :44 - Select Processor :[[ChromeDriver: chrome on windows (89d20c5214eed8b3a8000ff6e1ff6aeb)] -> css selector: #product_attribute_16_5_4]
2024-12-16 17:12:525 INFO  HomePage :52 - Select RAM :[[ChromeDriver: chrome on windows (89d20c5214eed8b3a8000ff6e1ff6aeb)] -> css selector: #product_attribute_16_6_5]
2024-12-16 17:12:643 INFO  HomePage :72 - Select HDD :[[[ChromeDriver: chrome on windows (89d20c5214eed8b3a8000ff6e1ff6aeb)] -> css selector: body > div:nth-child(4) > div:nth-child(1) > div:nth-child(5) > div:nth-child(2) > div:nth-child(2) > div:nth-child(1) > form:nth-child(1) > div:nth-child(1) > div:nth-child(1) > div:nth-child(2) > div:nth-child(6) > dl:nth-child(1) > dd:nth-child(6) > ul>li>label], [[ChromeDriver: chrome on windows (89d20c5214eed8b3a8000ff6e1ff6aeb)] -> css selector: body > div:nth-child(4) > div:nth-child(1) > div:nth-child(5) > div:nth-child(2) > div:nth-child(2) > div:nth-child(1) > form:nth-child(1) > div:nth-child(1) > div:nth-child(1) > div:nth-child(2) > div:nth-child(6) > dl:nth-child(1) > dd:nth-child(6) > ul>li>label]]
2024-12-16 17:12:743 INFO  HomePage :84 - Select OS :[[[ChromeDriver: chrome on windows (89d20c5214eed8b3a8000ff6e1ff6aeb)] -> css selector: body > div:nth-child(4) > div:nth-child(1) > div:nth-child(5) > div:nth-child(2) > div:nth-child(2) > div:nth-child(1) > form:nth-child(1) > div:nth-child(1) > div:nth-child(1) > div:nth-child(2) > div:nth-child(6) > dl:nth-child(1) > dd:nth-child(8) > ul:nth-child(1) > li>label], [[ChromeDriver: chrome on windows (89d20c5214eed8b3a8000ff6e1ff6aeb)] -> css selector: body > div:nth-child(4) > div:nth-child(1) > div:nth-child(5) > div:nth-child(2) > div:nth-child(2) > div:nth-child(1) > form:nth-child(1) > div:nth-child(1) > div:nth-child(1) > div:nth-child(2) > div:nth-child(6) > dl:nth-child(1) > dd:nth-child(8) > ul:nth-child(1) > li>label], [[ChromeDriver: chrome on windows (89d20c5214eed8b3a8000ff6e1ff6aeb)] -> css selector: body > div:nth-child(4) > div:nth-child(1) > div:nth-child(5) > div:nth-child(2) > div:nth-child(2) > div:nth-child(1) > form:nth-child(1) > div:nth-child(1) > div:nth-child(1) > div:nth-child(2) > div:nth-child(6) > dl:nth-child(1) > dd:nth-child(8) > ul:nth-child(1) > li>label]]
2024-12-16 17:12:829 INFO  HomePage :96 - Select Software :[[[ChromeDriver: chrome on windows (89d20c5214eed8b3a8000ff6e1ff6aeb)] -> css selector: body > div:nth-child(4) > div:nth-child(1) > div:nth-child(5) > div:nth-child(2) > div:nth-child(2) > div:nth-child(1) > form:nth-child(1) > div:nth-child(1) > div:nth-child(1) > div:nth-child(2) > div:nth-child(6) > dl:nth-child(1) > dd:nth-child(10) > ul:nth-child(1) > li>label], [[ChromeDriver: chrome on windows (89d20c5214eed8b3a8000ff6e1ff6aeb)] -> css selector: body > div:nth-child(4) > div:nth-child(1) > div:nth-child(5) > div:nth-child(2) > div:nth-child(2) > div:nth-child(1) > form:nth-child(1) > div:nth-child(1) > div:nth-child(1) > div:nth-child(2) > div:nth-child(6) > dl:nth-child(1) > dd:nth-child(10) > ul:nth-child(1) > li>label], [[ChromeDriver: chrome on windows (89d20c5214eed8b3a8000ff6e1ff6aeb)] -> css selector: body > div:nth-child(4) > div:nth-child(1) > div:nth-child(5) > div:nth-child(2) > div:nth-child(2) > div:nth-child(1) > form:nth-child(1) > div:nth-child(1) > div:nth-child(1) > div:nth-child(2) > div:nth-child(6) > dl:nth-child(1) > dd:nth-child(10) > ul:nth-child(1) > li>label]]
2024-12-16 17:12:916 INFO  HomePage :60 - Click on Add To Cart Button :[[ChromeDriver: chrome on windows (89d20c5214eed8b3a8000ff6e1ff6aeb)] -> xpath: //div[@class='add-to-cart-panel']/input[2]]
2024-12-16 17:12:532 INFO  HomePage :55 - Clicking on computer tab : [[ChromeDriver: chrome on windows (24e3a4666ba401209a5583b6ad3cae93)] -> xpath: //div[@class='header-menu']/ul[1]/li[2]/a]
2024-12-16 17:12:108 INFO  LoginPage :34 - Clicking on the Desktop :[[ChromeDriver: chrome on windows (24e3a4666ba401209a5583b6ad3cae93)] -> xpath: //img[@title='Show products in category Desktops']]
2024-12-16 17:12:737 INFO  LoginPage :22 - Clicking on the build your own computer :[[ChromeDriver: chrome on windows (24e3a4666ba401209a5583b6ad3cae93)] -> xpath: //a[normalize-space()='Build your own computer']]
2024-12-16 17:12:842 INFO  HomePage :44 - Select Processor :[[ChromeDriver: chrome on windows (24e3a4666ba401209a5583b6ad3cae93)] -> css selector: #product_attribute_16_5_4]
2024-12-16 17:12:946 INFO  HomePage :52 - Select RAM :[[ChromeDriver: chrome on windows (24e3a4666ba401209a5583b6ad3cae93)] -> css selector: #product_attribute_16_6_5]
2024-12-16 17:12:66 INFO  HomePage :72 - Select HDD :[[[ChromeDriver: chrome on windows (24e3a4666ba401209a5583b6ad3cae93)] -> css selector: body > div:nth-child(4) > div:nth-child(1) > div:nth-child(5) > div:nth-child(2) > div:nth-child(2) > div:nth-child(1) > form:nth-child(1) > div:nth-child(1) > div:nth-child(1) > div:nth-child(2) > div:nth-child(6) > dl:nth-child(1) > dd:nth-child(6) > ul>li>label], [[ChromeDriver: chrome on windows (24e3a4666ba401209a5583b6ad3cae93)] -> css selector: body > div:nth-child(4) > div:nth-child(1) > div:nth-child(5) > div:nth-child(2) > div:nth-child(2) > div:nth-child(1) > form:nth-child(1) > div:nth-child(1) > div:nth-child(1) > div:nth-child(2) > div:nth-child(6) > dl:nth-child(1) > dd:nth-child(6) > ul>li>label]]
2024-12-16 17:12:195 INFO  HomePage :84 - Select OS :[[[ChromeDriver: chrome on windows (24e3a4666ba401209a5583b6ad3cae93)] -> css selector: body > div:nth-child(4) > div:nth-child(1) > div:nth-child(5) > div:nth-child(2) > div:nth-child(2) > div:nth-child(1) > form:nth-child(1) > div:nth-child(1) > div:nth-child(1) > div:nth-child(2) > div:nth-child(6) > dl:nth-child(1) > dd:nth-child(8) > ul:nth-child(1) > li>label], [[ChromeDriver: chrome on windows (24e3a4666ba401209a5583b6ad3cae93)] -> css selector: body > div:nth-child(4) > div:nth-child(1) > div:nth-child(5) > div:nth-child(2) > div:nth-child(2) > div:nth-child(1) > form:nth-child(1) > div:nth-child(1) > div:nth-child(1) > div:nth-child(2) > div:nth-child(6) > dl:nth-child(1) > dd:nth-child(8) > ul:nth-child(1) > li>label], [[ChromeDriver: chrome on windows (24e3a4666ba401209a5583b6ad3cae93)] -> css selector: body > div:nth-child(4) > div:nth-child(1) > div:nth-child(5) > div:nth-child(2) > div:nth-child(2) > div:nth-child(1) > form:nth-child(1) > div:nth-child(1) > div:nth-child(1) > div:nth-child(2) > div:nth-child(6) > dl:nth-child(1) > dd:nth-child(8) > ul:nth-child(1) > li>label]]
2024-12-16 17:12:305 INFO  HomePage :96 - Select Software :[[[ChromeDriver: chrome on windows (24e3a4666ba401209a5583b6ad3cae93)] -> css selector: body > div:nth-child(4) > div:nth-child(1) > div:nth-child(5) > div:nth-child(2) > div:nth-child(2) > div:nth-child(1) > form:nth-child(1) > div:nth-child(1) > div:nth-child(1) > div:nth-child(2) > div:nth-child(6) > dl:nth-child(1) > dd:nth-child(10) > ul:nth-child(1) > li>label], [[ChromeDriver: chrome on windows (24e3a4666ba401209a5583b6ad3cae93)] -> css selector: body > div:nth-child(4) > div:nth-child(1) > div:nth-child(5) > div:nth-child(2) > div:nth-child(2) > div:nth-child(1) > form:nth-child(1) > div:nth-child(1) > div:nth-child(1) > div:nth-child(2) > div:nth-child(6) > dl:nth-child(1) > dd:nth-child(10) > ul:nth-child(1) > li>label], [[ChromeDriver: chrome on windows (24e3a4666ba401209a5583b6ad3cae93)] -> css selector: body > div:nth-child(4) > div:nth-child(1) > div:nth-child(5) > div:nth-child(2) > div:nth-child(2) > div:nth-child(1) > form:nth-child(1) > div:nth-child(1) > div:nth-child(1) > div:nth-child(2) > div:nth-child(6) > dl:nth-child(1) > dd:nth-child(10) > ul:nth-child(1) > li>label]]
2024-12-16 17:12:427 INFO  HomePage :60 - Click on Add To Cart Button :[[ChromeDriver: chrome on windows (24e3a4666ba401209a5583b6ad3cae93)] -> xpath: //div[@class='add-to-cart-panel']/input[2]]
2024-12-16 17:12:441 INFO  HomePage :172 - Registered User Message :Proxy element for: DefaultElementLocator 'By.cssSelector: .result'
2024-12-16 17:12:934 INFO  HomePage :31 - Clicking on login link : [[ChromeDriver: chrome on windows (48a365d90590c2ebb02b5ade05151316)] -> link text: Log in]
2024-12-16 17:12:118 INFO  LoginPage :47 - Enter Email : [[ChromeDriver: chrome on windows (48a365d90590c2ebb02b5ade05151316)] -> xpath: //input[@id='Email']]
2024-12-16 17:12:274 INFO  LoginPage :55 - Enter Password : [[ChromeDriver: chrome on windows (48a365d90590c2ebb02b5ade05151316)] -> xpath: //input[@id='Password']]
2024-12-16 17:12:884 INFO  LoginPage :63 - Clicking on the login button : [[ChromeDriver: chrome on windows (48a365d90590c2ebb02b5ade05151316)] -> xpath: //input[@value='Log in']]
2024-12-16 17:12:03 INFO  HomePage :21 - Logout Link :[[ChromeDriver: chrome on windows (48a365d90590c2ebb02b5ade05151316)] -> xpath: //a[normalize-space()='Log out']]
2024-12-16 17:12:637 INFO  HomePage :31 - Clicking on login link : [[ChromeDriver: chrome on windows (42eed7e636af3a3b7c0fdf58c8d693ce)] -> link text: Log in]
2024-12-16 17:12:787 INFO  LoginPage :47 - Enter Email : [[ChromeDriver: chrome on windows (42eed7e636af3a3b7c0fdf58c8d693ce)] -> xpath: //input[@id='Email']]
2024-12-16 17:12:916 INFO  LoginPage :55 - Enter Password : [[ChromeDriver: chrome on windows (42eed7e636af3a3b7c0fdf58c8d693ce)] -> xpath: //input[@id='Password']]
2024-12-16 17:12:798 INFO  LoginPage :63 - Clicking on the login button : [[ChromeDriver: chrome on windows (42eed7e636af3a3b7c0fdf58c8d693ce)] -> xpath: //input[@value='Log in']]
2024-12-16 17:12:467 INFO  HomePage :30 - Click on logout link :[[ChromeDriver: chrome on windows (42eed7e636af3a3b7c0fdf58c8d693ce)] -> xpath: //a[normalize-space()='Log out']]
2024-12-16 17:12:496 INFO  HomePage :38 - Login link : [[ChromeDriver: chrome on windows (42eed7e636af3a3b7c0fdf58c8d693ce)] -> link text: Log in]
2024-12-16 17:12:14 INFO  HomePage :47 - Clicking on register link : [[ChromeDriver: chrome on windows (2db7d825f28241ca4c9f408f2d68691b)] -> xpath: //a[normalize-space()='Register']]
2024-12-16 17:12:248 INFO  HomePage :185 - Select Gender :[[[ChromeDriver: chrome on windows (2db7d825f28241ca4c9f408f2d68691b)] -> css selector: label[class='forcheckbox']], [[ChromeDriver: chrome on windows (2db7d825f28241ca4c9f408f2d68691b)] -> css selector: label[class='forcheckbox']]]
2024-12-16 17:12:264 INFO  HomePage :132 - Enter The First Name :[[ChromeDriver: chrome on windows (2db7d825f28241ca4c9f408f2d68691b)] -> css selector: #FirstName]
2024-12-16 17:12:366 INFO  HomePage :140 - Enter The Last Name :[[ChromeDriver: chrome on windows (2db7d825f28241ca4c9f408f2d68691b)] -> css selector: #LastName]
2024-12-16 17:12:466 INFO  HomePage :148 - Enter The Last email :[[ChromeDriver: chrome on windows (2db7d825f28241ca4c9f408f2d68691b)] -> css selector: #Email]
2024-12-16 17:12:624 INFO  HomePage :156 - Enter The Password :[[ChromeDriver: chrome on windows (2db7d825f28241ca4c9f408f2d68691b)] -> css selector: #Password]
2024-12-16 17:12:745 INFO  HomePage :164 - Enter The Confirm Password :[[ChromeDriver: chrome on windows (2db7d825f28241ca4c9f408f2d68691b)] -> css selector: #ConfirmPassword]
2024-12-16 17:12:623 INFO  HomePage :85 - Clicking on register button :[[ChromeDriver: chrome on windows (2db7d825f28241ca4c9f408f2d68691b)] -> xpath: //input[@id='register-button']]
2024-12-16 18:12:519 INFO  HomePage :55 - Clicking on computer tab : [[ChromeDriver: chrome on windows (ff67a685b530fa04e795fc615c96b6f9)] -> xpath: //div[@class='header-menu']/ul[1]/li[2]/a]
2024-12-16 18:12:83 INFO  LoginPage :34 - Clicking on the Desktop :[[ChromeDriver: chrome on windows (ff67a685b530fa04e795fc615c96b6f9)] -> xpath: //img[@title='Show products in category Desktops']]
2024-12-16 18:12:17 INFO  LoginPage :22 - Clicking on the build your own computer :[[ChromeDriver: chrome on windows (ff67a685b530fa04e795fc615c96b6f9)] -> xpath: //a[normalize-space()='Build your own computer']]
2024-12-16 18:12:193 INFO  HomePage :47 - Select Processor :[[ChromeDriver: chrome on windows (ff67a685b530fa04e795fc615c96b6f9)] -> css selector: #product_attribute_16_5_4]
2024-12-16 18:12:278 INFO  HomePage :55 - Select RAM :[[ChromeDriver: chrome on windows (ff67a685b530fa04e795fc615c96b6f9)] -> css selector: #product_attribute_16_6_5]
2024-12-16 18:12:385 INFO  HomePage :75 - Select HDD :[[[ChromeDriver: chrome on windows (ff67a685b530fa04e795fc615c96b6f9)] -> css selector: body > div:nth-child(4) > div:nth-child(1) > div:nth-child(5) > div:nth-child(2) > div:nth-child(2) > div:nth-child(1) > form:nth-child(1) > div:nth-child(1) > div:nth-child(1) > div:nth-child(2) > div:nth-child(6) > dl:nth-child(1) > dd:nth-child(6) > ul>li>label], [[ChromeDriver: chrome on windows (ff67a685b530fa04e795fc615c96b6f9)] -> css selector: body > div:nth-child(4) > div:nth-child(1) > div:nth-child(5) > div:nth-child(2) > div:nth-child(2) > div:nth-child(1) > form:nth-child(1) > div:nth-child(1) > div:nth-child(1) > div:nth-child(2) > div:nth-child(6) > dl:nth-child(1) > dd:nth-child(6) > ul>li>label]]
2024-12-16 18:12:492 INFO  HomePage :87 - Select OS :[[[ChromeDriver: chrome on windows (ff67a685b530fa04e795fc615c96b6f9)] -> css selector: body > div:nth-child(4) > div:nth-child(1) > div:nth-child(5) > div:nth-child(2) > div:nth-child(2) > div:nth-child(1) > form:nth-child(1) > div:nth-child(1) > div:nth-child(1) > div:nth-child(2) > div:nth-child(6) > dl:nth-child(1) > dd:nth-child(8) > ul:nth-child(1) > li>label], [[ChromeDriver: chrome on windows (ff67a685b530fa04e795fc615c96b6f9)] -> css selector: body > div:nth-child(4) > div:nth-child(1) > div:nth-child(5) > div:nth-child(2) > div:nth-child(2) > div:nth-child(1) > form:nth-child(1) > div:nth-child(1) > div:nth-child(1) > div:nth-child(2) > div:nth-child(6) > dl:nth-child(1) > dd:nth-child(8) > ul:nth-child(1) > li>label], [[ChromeDriver: chrome on windows (ff67a685b530fa04e795fc615c96b6f9)] -> css selector: body > div:nth-child(4) > div:nth-child(1) > div:nth-child(5) > div:nth-child(2) > div:nth-child(2) > div:nth-child(1) > form:nth-child(1) > div:nth-child(1) > div:nth-child(1) > div:nth-child(2) > div:nth-child(6) > dl:nth-child(1) > dd:nth-child(8) > ul:nth-child(1) > li>label]]
2024-12-16 18:12:608 INFO  HomePage :99 - Select Software :[[[ChromeDriver: chrome on windows (ff67a685b530fa04e795fc615c96b6f9)] -> css selector: body > div:nth-child(4) > div:nth-child(1) > div:nth-child(5) > div:nth-child(2) > div:nth-child(2) > div:nth-child(1) > form:nth-child(1) > div:nth-child(1) > div:nth-child(1) > div:nth-child(2) > div:nth-child(6) > dl:nth-child(1) > dd:nth-child(10) > ul:nth-child(1) > li>label], [[ChromeDriver: chrome on windows (ff67a685b530fa04e795fc615c96b6f9)] -> css selector: body > div:nth-child(4) > div:nth-child(1) > div:nth-child(5) > div:nth-child(2) > div:nth-child(2) > div:nth-child(1) > form:nth-child(1) > div:nth-child(1) > div:nth-child(1) > div:nth-child(2) > div:nth-child(6) > dl:nth-child(1) > dd:nth-child(10) > ul:nth-child(1) > li>label], [[ChromeDriver: chrome on windows (ff67a685b530fa04e795fc615c96b6f9)] -> css selector: body > div:nth-child(4) > div:nth-child(1) > div:nth-child(5) > div:nth-child(2) > div:nth-child(2) > div:nth-child(1) > form:nth-child(1) > div:nth-child(1) > div:nth-child(1) > div:nth-child(2) > div:nth-child(6) > dl:nth-child(1) > dd:nth-child(10) > ul:nth-child(1) > li>label]]
2024-12-16 18:12:687 INFO  HomePage :63 - Click on Add To Cart Button :[[ChromeDriver: chrome on windows (ff67a685b530fa04e795fc615c96b6f9)] -> xpath: //div[@class='add-to-cart-panel']/input[2]]
2024-12-16 18:12:82 INFO  HomePage :55 - Clicking on computer tab : [[ChromeDriver: chrome on windows (6b6dcb835883077c8bf366459b2c91b7)] -> xpath: //div[@class='header-menu']/ul[1]/li[2]/a]
2024-12-16 18:12:704 INFO  LoginPage :34 - Clicking on the Desktop :[[ChromeDriver: chrome on windows (6b6dcb835883077c8bf366459b2c91b7)] -> xpath: //img[@title='Show products in category Desktops']]
2024-12-16 18:12:430 INFO  LoginPage :22 - Clicking on the build your own computer :[[ChromeDriver: chrome on windows (6b6dcb835883077c8bf366459b2c91b7)] -> xpath: //a[normalize-space()='Build your own computer']]
2024-12-16 18:12:551 INFO  HomePage :47 - Select Processor :[[ChromeDriver: chrome on windows (6b6dcb835883077c8bf366459b2c91b7)] -> css selector: #product_attribute_16_5_4]
2024-12-16 18:12:658 INFO  HomePage :55 - Select RAM :[[ChromeDriver: chrome on windows (6b6dcb835883077c8bf366459b2c91b7)] -> css selector: #product_attribute_16_6_5]
2024-12-16 18:12:792 INFO  HomePage :75 - Select HDD :[[[ChromeDriver: chrome on windows (6b6dcb835883077c8bf366459b2c91b7)] -> css selector: body > div:nth-child(4) > div:nth-child(1) > div:nth-child(5) > div:nth-child(2) > div:nth-child(2) > div:nth-child(1) > form:nth-child(1) > div:nth-child(1) > div:nth-child(1) > div:nth-child(2) > div:nth-child(6) > dl:nth-child(1) > dd:nth-child(6) > ul>li>label], [[ChromeDriver: chrome on windows (6b6dcb835883077c8bf366459b2c91b7)] -> css selector: body > div:nth-child(4) > div:nth-child(1) > div:nth-child(5) > div:nth-child(2) > div:nth-child(2) > div:nth-child(1) > form:nth-child(1) > div:nth-child(1) > div:nth-child(1) > div:nth-child(2) > div:nth-child(6) > dl:nth-child(1) > dd:nth-child(6) > ul>li>label]]
2024-12-16 18:12:920 INFO  HomePage :87 - Select OS :[[[ChromeDriver: chrome on windows (6b6dcb835883077c8bf366459b2c91b7)] -> css selector: body > div:nth-child(4) > div:nth-child(1) > div:nth-child(5) > div:nth-child(2) > div:nth-child(2) > div:nth-child(1) > form:nth-child(1) > div:nth-child(1) > div:nth-child(1) > div:nth-child(2) > div:nth-child(6) > dl:nth-child(1) > dd:nth-child(8) > ul:nth-child(1) > li>label], [[ChromeDriver: chrome on windows (6b6dcb835883077c8bf366459b2c91b7)] -> css selector: body > div:nth-child(4) > div:nth-child(1) > div:nth-child(5) > div:nth-child(2) > div:nth-child(2) > div:nth-child(1) > form:nth-child(1) > div:nth-child(1) > div:nth-child(1) > div:nth-child(2) > div:nth-child(6) > dl:nth-child(1) > dd:nth-child(8) > ul:nth-child(1) > li>label], [[ChromeDriver: chrome on windows (6b6dcb835883077c8bf366459b2c91b7)] -> css selector: body > div:nth-child(4) > div:nth-child(1) > div:nth-child(5) > div:nth-child(2) > div:nth-child(2) > div:nth-child(1) > form:nth-child(1) > div:nth-child(1) > div:nth-child(1) > div:nth-child(2) > div:nth-child(6) > dl:nth-child(1) > dd:nth-child(8) > ul:nth-child(1) > li>label]]
2024-12-16 18:12:11 INFO  HomePage :99 - Select Software :[[[ChromeDriver: chrome on windows (6b6dcb835883077c8bf366459b2c91b7)] -> css selector: body > div:nth-child(4) > div:nth-child(1) > div:nth-child(5) > div:nth-child(2) > div:nth-child(2) > div:nth-child(1) > form:nth-child(1) > div:nth-child(1) > div:nth-child(1) > div:nth-child(2) > div:nth-child(6) > dl:nth-child(1) > dd:nth-child(10) > ul:nth-child(1) > li>label], [[ChromeDriver: chrome on windows (6b6dcb835883077c8bf366459b2c91b7)] -> css selector: body > div:nth-child(4) > div:nth-child(1) > div:nth-child(5) > div:nth-child(2) > div:nth-child(2) > div:nth-child(1) > form:nth-child(1) > div:nth-child(1) > div:nth-child(1) > div:nth-child(2) > div:nth-child(6) > dl:nth-child(1) > dd:nth-child(10) > ul:nth-child(1) > li>label], [[ChromeDriver: chrome on windows (6b6dcb835883077c8bf366459b2c91b7)] -> css selector: body > div:nth-child(4) > div:nth-child(1) > div:nth-child(5) > div:nth-child(2) > div:nth-child(2) > div:nth-child(1) > form:nth-child(1) > div:nth-child(1) > div:nth-child(1) > div:nth-child(2) > div:nth-child(6) > dl:nth-child(1) > dd:nth-child(10) > ul:nth-child(1) > li>label]]
2024-12-16 18:12:93 INFO  HomePage :63 - Click on Add To Cart Button :[[ChromeDriver: chrome on windows (6b6dcb835883077c8bf366459b2c91b7)] -> xpath: //div[@class='add-to-cart-panel']/input[2]]
2024-12-16 18:12:401 INFO  HomePage :55 - Clicking on computer tab : [[ChromeDriver: chrome on windows (72ea64c655a9ab32d6022ec21e460da9)] -> xpath: //div[@class='header-menu']/ul[1]/li[2]/a]
2024-12-16 18:12:948 INFO  LoginPage :34 - Clicking on the Desktop :[[ChromeDriver: chrome on windows (72ea64c655a9ab32d6022ec21e460da9)] -> xpath: //img[@title='Show products in category Desktops']]
2024-12-16 18:12:640 INFO  LoginPage :22 - Clicking on the build your own computer :[[ChromeDriver: chrome on windows (72ea64c655a9ab32d6022ec21e460da9)] -> xpath: //a[normalize-space()='Build your own computer']]
2024-12-16 18:12:746 INFO  HomePage :47 - Select Processor :[[ChromeDriver: chrome on windows (72ea64c655a9ab32d6022ec21e460da9)] -> css selector: #product_attribute_16_5_4]
2024-12-16 18:12:875 INFO  HomePage :55 - Select RAM :[[ChromeDriver: chrome on windows (72ea64c655a9ab32d6022ec21e460da9)] -> css selector: #product_attribute_16_6_5]
2024-12-16 18:12:27 INFO  HomePage :75 - Select HDD :[[[ChromeDriver: chrome on windows (72ea64c655a9ab32d6022ec21e460da9)] -> css selector: body > div:nth-child(4) > div:nth-child(1) > div:nth-child(5) > div:nth-child(2) > div:nth-child(2) > div:nth-child(1) > form:nth-child(1) > div:nth-child(1) > div:nth-child(1) > div:nth-child(2) > div:nth-child(6) > dl:nth-child(1) > dd:nth-child(6) > ul>li>label], [[ChromeDriver: chrome on windows (72ea64c655a9ab32d6022ec21e460da9)] -> css selector: body > div:nth-child(4) > div:nth-child(1) > div:nth-child(5) > div:nth-child(2) > div:nth-child(2) > div:nth-child(1) > form:nth-child(1) > div:nth-child(1) > div:nth-child(1) > div:nth-child(2) > div:nth-child(6) > dl:nth-child(1) > dd:nth-child(6) > ul>li>label]]
2024-12-16 18:12:158 INFO  HomePage :87 - Select OS :[[[ChromeDriver: chrome on windows (72ea64c655a9ab32d6022ec21e460da9)] -> css selector: body > div:nth-child(4) > div:nth-child(1) > div:nth-child(5) > div:nth-child(2) > div:nth-child(2) > div:nth-child(1) > form:nth-child(1) > div:nth-child(1) > div:nth-child(1) > div:nth-child(2) > div:nth-child(6) > dl:nth-child(1) > dd:nth-child(8) > ul:nth-child(1) > li>label], [[ChromeDriver: chrome on windows (72ea64c655a9ab32d6022ec21e460da9)] -> css selector: body > div:nth-child(4) > div:nth-child(1) > div:nth-child(5) > div:nth-child(2) > div:nth-child(2) > div:nth-child(1) > form:nth-child(1) > div:nth-child(1) > div:nth-child(1) > div:nth-child(2) > div:nth-child(6) > dl:nth-child(1) > dd:nth-child(8) > ul:nth-child(1) > li>label], [[ChromeDriver: chrome on windows (72ea64c655a9ab32d6022ec21e460da9)] -> css selector: body > div:nth-child(4) > div:nth-child(1) > div:nth-child(5) > div:nth-child(2) > div:nth-child(2) > div:nth-child(1) > form:nth-child(1) > div:nth-child(1) > div:nth-child(1) > div:nth-child(2) > div:nth-child(6) > dl:nth-child(1) > dd:nth-child(8) > ul:nth-child(1) > li>label]]
2024-12-16 18:12:254 INFO  HomePage :99 - Select Software :[[[ChromeDriver: chrome on windows (72ea64c655a9ab32d6022ec21e460da9)] -> css selector: body > div:nth-child(4) > div:nth-child(1) > div:nth-child(5) > div:nth-child(2) > div:nth-child(2) > div:nth-child(1) > form:nth-child(1) > div:nth-child(1) > div:nth-child(1) > div:nth-child(2) > div:nth-child(6) > dl:nth-child(1) > dd:nth-child(10) > ul:nth-child(1) > li>label], [[ChromeDriver: chrome on windows (72ea64c655a9ab32d6022ec21e460da9)] -> css selector: body > div:nth-child(4) > div:nth-child(1) > div:nth-child(5) > div:nth-child(2) > div:nth-child(2) > div:nth-child(1) > form:nth-child(1) > div:nth-child(1) > div:nth-child(1) > div:nth-child(2) > div:nth-child(6) > dl:nth-child(1) > dd:nth-child(10) > ul:nth-child(1) > li>label], [[ChromeDriver: chrome on windows (72ea64c655a9ab32d6022ec21e460da9)] -> css selector: body > div:nth-child(4) > div:nth-child(1) > div:nth-child(5) > div:nth-child(2) > div:nth-child(2) > div:nth-child(1) > form:nth-child(1) > div:nth-child(1) > div:nth-child(1) > div:nth-child(2) > div:nth-child(6) > dl:nth-child(1) > dd:nth-child(10) > ul:nth-child(1) > li>label]]
2024-12-16 18:12:352 INFO  HomePage :63 - Click on Add To Cart Button :[[ChromeDriver: chrome on windows (72ea64c655a9ab32d6022ec21e460da9)] -> xpath: //div[@class='add-to-cart-panel']/input[2]]
2024-12-16 18:12:638 INFO  HomePage :31 - Clicking on login link : [[ChromeDriver: chrome on windows (84724db905579fc25d88529be31443c5)] -> link text: Log in]
2024-12-16 18:12:835 INFO  LoginPage :47 - Enter Email : [[ChromeDriver: chrome on windows (84724db905579fc25d88529be31443c5)] -> xpath: //input[@id='Email']]
2024-12-16 18:12:988 INFO  LoginPage :55 - Enter Password : [[ChromeDriver: chrome on windows (84724db905579fc25d88529be31443c5)] -> xpath: //input[@id='Password']]
2024-12-16 18:12:584 INFO  LoginPage :63 - Clicking on the login button : [[ChromeDriver: chrome on windows (84724db905579fc25d88529be31443c5)] -> xpath: //input[@value='Log in']]
2024-12-16 18:12:628 INFO  HomePage :21 - Logout Link :[[ChromeDriver: chrome on windows (84724db905579fc25d88529be31443c5)] -> xpath: //a[normalize-space()='Log out']]
2024-12-16 18:12:752 INFO  HomePage :31 - Clicking on login link : [[ChromeDriver: chrome on windows (ee902494cbe1596ec058dfdca4469130)] -> link text: Log in]
2024-12-16 18:12:920 INFO  LoginPage :47 - Enter Email : [[ChromeDriver: chrome on windows (ee902494cbe1596ec058dfdca4469130)] -> xpath: //input[@id='Email']]
2024-12-16 18:12:201 INFO  LoginPage :55 - Enter Password : [[ChromeDriver: chrome on windows (ee902494cbe1596ec058dfdca4469130)] -> xpath: //input[@id='Password']]
2024-12-16 18:12:668 INFO  LoginPage :63 - Clicking on the login button : [[ChromeDriver: chrome on windows (ee902494cbe1596ec058dfdca4469130)] -> xpath: //input[@value='Log in']]
2024-12-16 18:12:369 INFO  HomePage :30 - Click on logout link :[[ChromeDriver: chrome on windows (ee902494cbe1596ec058dfdca4469130)] -> xpath: //a[normalize-space()='Log out']]
2024-12-16 18:12:394 INFO  HomePage :38 - Login link : [[ChromeDriver: chrome on windows (ee902494cbe1596ec058dfdca4469130)] -> link text: Log in]
2024-12-16 18:12:517 INFO  HomePage :47 - Clicking on register link : [[ChromeDriver: chrome on windows (d9bfb5c1fc5387cbc5bcc85a1c8c74cf)] -> xpath: //a[normalize-space()='Register']]
2024-12-16 18:12:735 INFO  HomePage :185 - Select Gender :[[[ChromeDriver: chrome on windows (d9bfb5c1fc5387cbc5bcc85a1c8c74cf)] -> css selector: label[class='forcheckbox']], [[ChromeDriver: chrome on windows (d9bfb5c1fc5387cbc5bcc85a1c8c74cf)] -> css selector: label[class='forcheckbox']]]
2024-12-16 18:12:762 INFO  HomePage :132 - Enter The First Name :[[ChromeDriver: chrome on windows (d9bfb5c1fc5387cbc5bcc85a1c8c74cf)] -> css selector: #FirstName]
2024-12-16 18:12:984 INFO  HomePage :140 - Enter The Last Name :[[ChromeDriver: chrome on windows (d9bfb5c1fc5387cbc5bcc85a1c8c74cf)] -> css selector: #LastName]
2024-12-16 18:12:98 INFO  HomePage :148 - Enter The Last email :[[ChromeDriver: chrome on windows (d9bfb5c1fc5387cbc5bcc85a1c8c74cf)] -> css selector: #Email]
2024-12-16 18:12:286 INFO  HomePage :156 - Enter The Password :[[ChromeDriver: chrome on windows (d9bfb5c1fc5387cbc5bcc85a1c8c74cf)] -> css selector: #Password]
2024-12-16 18:12:399 INFO  HomePage :164 - Enter The Confirm Password :[[ChromeDriver: chrome on windows (d9bfb5c1fc5387cbc5bcc85a1c8c74cf)] -> css selector: #ConfirmPassword]
2024-12-16 18:12:97 INFO  HomePage :85 - Clicking on register button :[[ChromeDriver: chrome on windows (d9bfb5c1fc5387cbc5bcc85a1c8c74cf)] -> xpath: //input[@id='register-button']]
2024-12-16 18:12:302 INFO  HomePage :172 - Registered User Message :Proxy element for: DefaultElementLocator 'By.cssSelector: .result'
2024-12-16 18:12:213 INFO  HomePage :55 - Clicking on computer tab : [[ChromeDriver: chrome on windows (8c6fc2e65e8516dec09948552f7b9f9e)] -> xpath: //div[@class='header-menu']/ul[1]/li[2]/a]
2024-12-16 18:12:820 INFO  LoginPage :34 - Clicking on the Desktop :[[ChromeDriver: chrome on windows (8c6fc2e65e8516dec09948552f7b9f9e)] -> xpath: //img[@title='Show products in category Desktops']]
2024-12-16 18:12:951 INFO  LoginPage :22 - Clicking on the build your own computer :[[ChromeDriver: chrome on windows (8c6fc2e65e8516dec09948552f7b9f9e)] -> xpath: //a[normalize-space()='Build your own computer']]
2024-12-16 18:12:104 INFO  HomePage :47 - Select Processor :[[ChromeDriver: chrome on windows (8c6fc2e65e8516dec09948552f7b9f9e)] -> css selector: #product_attribute_16_5_4]
2024-12-16 18:12:202 INFO  HomePage :55 - Select RAM :[[ChromeDriver: chrome on windows (8c6fc2e65e8516dec09948552f7b9f9e)] -> css selector: #product_attribute_16_6_5]
2024-12-16 18:12:354 INFO  HomePage :75 - Select HDD :[[[ChromeDriver: chrome on windows (8c6fc2e65e8516dec09948552f7b9f9e)] -> css selector: body > div:nth-child(4) > div:nth-child(1) > div:nth-child(5) > div:nth-child(2) > div:nth-child(2) > div:nth-child(1) > form:nth-child(1) > div:nth-child(1) > div:nth-child(1) > div:nth-child(2) > div:nth-child(6) > dl:nth-child(1) > dd:nth-child(6) > ul>li>label], [[ChromeDriver: chrome on windows (8c6fc2e65e8516dec09948552f7b9f9e)] -> css selector: body > div:nth-child(4) > div:nth-child(1) > div:nth-child(5) > div:nth-child(2) > div:nth-child(2) > div:nth-child(1) > form:nth-child(1) > div:nth-child(1) > div:nth-child(1) > div:nth-child(2) > div:nth-child(6) > dl:nth-child(1) > dd:nth-child(6) > ul>li>label]]
2024-12-16 18:12:478 INFO  HomePage :87 - Select OS :[[[ChromeDriver: chrome on windows (8c6fc2e65e8516dec09948552f7b9f9e)] -> css selector: body > div:nth-child(4) > div:nth-child(1) > div:nth-child(5) > div:nth-child(2) > div:nth-child(2) > div:nth-child(1) > form:nth-child(1) > div:nth-child(1) > div:nth-child(1) > div:nth-child(2) > div:nth-child(6) > dl:nth-child(1) > dd:nth-child(8) > ul:nth-child(1) > li>label], [[ChromeDriver: chrome on windows (8c6fc2e65e8516dec09948552f7b9f9e)] -> css selector: body > div:nth-child(4) > div:nth-child(1) > div:nth-child(5) > div:nth-child(2) > div:nth-child(2) > div:nth-child(1) > form:nth-child(1) > div:nth-child(1) > div:nth-child(1) > div:nth-child(2) > div:nth-child(6) > dl:nth-child(1) > dd:nth-child(8) > ul:nth-child(1) > li>label], [[ChromeDriver: chrome on windows (8c6fc2e65e8516dec09948552f7b9f9e)] -> css selector: body > div:nth-child(4) > div:nth-child(1) > div:nth-child(5) > div:nth-child(2) > div:nth-child(2) > div:nth-child(1) > form:nth-child(1) > div:nth-child(1) > div:nth-child(1) > div:nth-child(2) > div:nth-child(6) > dl:nth-child(1) > dd:nth-child(8) > ul:nth-child(1) > li>label]]
2024-12-16 18:12:627 INFO  HomePage :99 - Select Software :[[[ChromeDriver: chrome on windows (8c6fc2e65e8516dec09948552f7b9f9e)] -> css selector: body > div:nth-child(4) > div:nth-child(1) > div:nth-child(5) > div:nth-child(2) > div:nth-child(2) > div:nth-child(1) > form:nth-child(1) > div:nth-child(1) > div:nth-child(1) > div:nth-child(2) > div:nth-child(6) > dl:nth-child(1) > dd:nth-child(10) > ul:nth-child(1) > li>label], [[ChromeDriver: chrome on windows (8c6fc2e65e8516dec09948552f7b9f9e)] -> css selector: body > div:nth-child(4) > div:nth-child(1) > div:nth-child(5) > div:nth-child(2) > div:nth-child(2) > div:nth-child(1) > form:nth-child(1) > div:nth-child(1) > div:nth-child(1) > div:nth-child(2) > div:nth-child(6) > dl:nth-child(1) > dd:nth-child(10) > ul:nth-child(1) > li>label], [[ChromeDriver: chrome on windows (8c6fc2e65e8516dec09948552f7b9f9e)] -> css selector: body > div:nth-child(4) > div:nth-child(1) > div:nth-child(5) > div:nth-child(2) > div:nth-child(2) > div:nth-child(1) > form:nth-child(1) > div:nth-child(1) > div:nth-child(1) > div:nth-child(2) > div:nth-child(6) > dl:nth-child(1) > dd:nth-child(10) > ul:nth-child(1) > li>label]]
2024-12-16 18:12:741 INFO  HomePage :63 - Click on Add To Cart Button :[[ChromeDriver: chrome on windows (8c6fc2e65e8516dec09948552f7b9f9e)] -> xpath: //div[@class='add-to-cart-panel']/input[2]]
2024-12-16 18:12:128 INFO  HomePage :55 - Clicking on computer tab : [[ChromeDriver: chrome on windows (1071b4e2f15e5d5190840aeb8fa95855)] -> xpath: //div[@class='header-menu']/ul[1]/li[2]/a]
2024-12-16 18:12:739 INFO  LoginPage :34 - Clicking on the Desktop :[[ChromeDriver: chrome on windows (1071b4e2f15e5d5190840aeb8fa95855)] -> xpath: //img[@title='Show products in category Desktops']]
2024-12-16 18:12:366 INFO  LoginPage :22 - Clicking on the build your own computer :[[ChromeDriver: chrome on windows (1071b4e2f15e5d5190840aeb8fa95855)] -> xpath: //a[normalize-space()='Build your own computer']]
2024-12-16 18:12:466 INFO  HomePage :47 - Select Processor :[[ChromeDriver: chrome on windows (1071b4e2f15e5d5190840aeb8fa95855)] -> css selector: #product_attribute_16_5_4]
2024-12-16 18:12:585 INFO  HomePage :55 - Select RAM :[[ChromeDriver: chrome on windows (1071b4e2f15e5d5190840aeb8fa95855)] -> css selector: #product_attribute_16_6_5]
2024-12-16 18:12:693 INFO  HomePage :75 - Select HDD :[[[ChromeDriver: chrome on windows (1071b4e2f15e5d5190840aeb8fa95855)] -> css selector: body > div:nth-child(4) > div:nth-child(1) > div:nth-child(5) > div:nth-child(2) > div:nth-child(2) > div:nth-child(1) > form:nth-child(1) > div:nth-child(1) > div:nth-child(1) > div:nth-child(2) > div:nth-child(6) > dl:nth-child(1) > dd:nth-child(6) > ul>li>label], [[ChromeDriver: chrome on windows (1071b4e2f15e5d5190840aeb8fa95855)] -> css selector: body > div:nth-child(4) > div:nth-child(1) > div:nth-child(5) > div:nth-child(2) > div:nth-child(2) > div:nth-child(1) > form:nth-child(1) > div:nth-child(1) > div:nth-child(1) > div:nth-child(2) > div:nth-child(6) > dl:nth-child(1) > dd:nth-child(6) > ul>li>label]]
2024-12-16 18:12:789 INFO  HomePage :87 - Select OS :[[[ChromeDriver: chrome on windows (1071b4e2f15e5d5190840aeb8fa95855)] -> css selector: body > div:nth-child(4) > div:nth-child(1) > div:nth-child(5) > div:nth-child(2) > div:nth-child(2) > div:nth-child(1) > form:nth-child(1) > div:nth-child(1) > div:nth-child(1) > div:nth-child(2) > div:nth-child(6) > dl:nth-child(1) > dd:nth-child(8) > ul:nth-child(1) > li>label], [[ChromeDriver: chrome on windows (1071b4e2f15e5d5190840aeb8fa95855)] -> css selector: body > div:nth-child(4) > div:nth-child(1) > div:nth-child(5) > div:nth-child(2) > div:nth-child(2) > div:nth-child(1) > form:nth-child(1) > div:nth-child(1) > div:nth-child(1) > div:nth-child(2) > div:nth-child(6) > dl:nth-child(1) > dd:nth-child(8) > ul:nth-child(1) > li>label], [[ChromeDriver: chrome on windows (1071b4e2f15e5d5190840aeb8fa95855)] -> css selector: body > div:nth-child(4) > div:nth-child(1) > div:nth-child(5) > div:nth-child(2) > div:nth-child(2) > div:nth-child(1) > form:nth-child(1) > div:nth-child(1) > div:nth-child(1) > div:nth-child(2) > div:nth-child(6) > dl:nth-child(1) > dd:nth-child(8) > ul:nth-child(1) > li>label]]
2024-12-16 18:12:954 INFO  HomePage :99 - Select Software :[[[ChromeDriver: chrome on windows (1071b4e2f15e5d5190840aeb8fa95855)] -> css selector: body > div:nth-child(4) > div:nth-child(1) > div:nth-child(5) > div:nth-child(2) > div:nth-child(2) > div:nth-child(1) > form:nth-child(1) > div:nth-child(1) > div:nth-child(1) > div:nth-child(2) > div:nth-child(6) > dl:nth-child(1) > dd:nth-child(10) > ul:nth-child(1) > li>label], [[ChromeDriver: chrome on windows (1071b4e2f15e5d5190840aeb8fa95855)] -> css selector: body > div:nth-child(4) > div:nth-child(1) > div:nth-child(5) > div:nth-child(2) > div:nth-child(2) > div:nth-child(1) > form:nth-child(1) > div:nth-child(1) > div:nth-child(1) > div:nth-child(2) > div:nth-child(6) > dl:nth-child(1) > dd:nth-child(10) > ul:nth-child(1) > li>label], [[ChromeDriver: chrome on windows (1071b4e2f15e5d5190840aeb8fa95855)] -> css selector: body > div:nth-child(4) > div:nth-child(1) > div:nth-child(5) > div:nth-child(2) > div:nth-child(2) > div:nth-child(1) > form:nth-child(1) > div:nth-child(1) > div:nth-child(1) > div:nth-child(2) > div:nth-child(6) > dl:nth-child(1) > dd:nth-child(10) > ul:nth-child(1) > li>label]]
2024-12-16 18:12:69 INFO  HomePage :63 - Click on Add To Cart Button :[[ChromeDriver: chrome on windows (1071b4e2f15e5d5190840aeb8fa95855)] -> xpath: //div[@class='add-to-cart-panel']/input[2]]
2024-12-16 18:12:529 INFO  HomePage :55 - Clicking on computer tab : [[ChromeDriver: chrome on windows (01a7fa85bc564d6605b749aa974b4a22)] -> xpath: //div[@class='header-menu']/ul[1]/li[2]/a]
2024-12-16 18:12:268 INFO  LoginPage :34 - Clicking on the Desktop :[[ChromeDriver: chrome on windows (01a7fa85bc564d6605b749aa974b4a22)] -> xpath: //img[@title='Show products in category Desktops']]
2024-12-16 18:12:898 INFO  LoginPage :22 - Clicking on the build your own computer :[[ChromeDriver: chrome on windows (01a7fa85bc564d6605b749aa974b4a22)] -> xpath: //a[normalize-space()='Build your own computer']]
2024-12-16 18:12:988 INFO  HomePage :47 - Select Processor :[[ChromeDriver: chrome on windows (01a7fa85bc564d6605b749aa974b4a22)] -> css selector: #product_attribute_16_5_4]
2024-12-16 18:12:89 INFO  HomePage :55 - Select RAM :[[ChromeDriver: chrome on windows (01a7fa85bc564d6605b749aa974b4a22)] -> css selector: #product_attribute_16_6_5]
2024-12-16 18:12:209 INFO  HomePage :75 - Select HDD :[[[ChromeDriver: chrome on windows (01a7fa85bc564d6605b749aa974b4a22)] -> css selector: body > div:nth-child(4) > div:nth-child(1) > div:nth-child(5) > div:nth-child(2) > div:nth-child(2) > div:nth-child(1) > form:nth-child(1) > div:nth-child(1) > div:nth-child(1) > div:nth-child(2) > div:nth-child(6) > dl:nth-child(1) > dd:nth-child(6) > ul>li>label], [[ChromeDriver: chrome on windows (01a7fa85bc564d6605b749aa974b4a22)] -> css selector: body > div:nth-child(4) > div:nth-child(1) > div:nth-child(5) > div:nth-child(2) > div:nth-child(2) > div:nth-child(1) > form:nth-child(1) > div:nth-child(1) > div:nth-child(1) > div:nth-child(2) > div:nth-child(6) > dl:nth-child(1) > dd:nth-child(6) > ul>li>label]]
2024-12-16 18:12:344 INFO  HomePage :87 - Select OS :[[[ChromeDriver: chrome on windows (01a7fa85bc564d6605b749aa974b4a22)] -> css selector: body > div:nth-child(4) > div:nth-child(1) > div:nth-child(5) > div:nth-child(2) > div:nth-child(2) > div:nth-child(1) > form:nth-child(1) > div:nth-child(1) > div:nth-child(1) > div:nth-child(2) > div:nth-child(6) > dl:nth-child(1) > dd:nth-child(8) > ul:nth-child(1) > li>label], [[ChromeDriver: chrome on windows (01a7fa85bc564d6605b749aa974b4a22)] -> css selector: body > div:nth-child(4) > div:nth-child(1) > div:nth-child(5) > div:nth-child(2) > div:nth-child(2) > div:nth-child(1) > form:nth-child(1) > div:nth-child(1) > div:nth-child(1) > div:nth-child(2) > div:nth-child(6) > dl:nth-child(1) > dd:nth-child(8) > ul:nth-child(1) > li>label], [[ChromeDriver: chrome on windows (01a7fa85bc564d6605b749aa974b4a22)] -> css selector: body > div:nth-child(4) > div:nth-child(1) > div:nth-child(5) > div:nth-child(2) > div:nth-child(2) > div:nth-child(1) > form:nth-child(1) > div:nth-child(1) > div:nth-child(1) > div:nth-child(2) > div:nth-child(6) > dl:nth-child(1) > dd:nth-child(8) > ul:nth-child(1) > li>label]]
2024-12-16 18:12:470 INFO  HomePage :99 - Select Software :[[[ChromeDriver: chrome on windows (01a7fa85bc564d6605b749aa974b4a22)] -> css selector: body > div:nth-child(4) > div:nth-child(1) > div:nth-child(5) > div:nth-child(2) > div:nth-child(2) > div:nth-child(1) > form:nth-child(1) > div:nth-child(1) > div:nth-child(1) > div:nth-child(2) > div:nth-child(6) > dl:nth-child(1) > dd:nth-child(10) > ul:nth-child(1) > li>label], [[ChromeDriver: chrome on windows (01a7fa85bc564d6605b749aa974b4a22)] -> css selector: body > div:nth-child(4) > div:nth-child(1) > div:nth-child(5) > div:nth-child(2) > div:nth-child(2) > div:nth-child(1) > form:nth-child(1) > div:nth-child(1) > div:nth-child(1) > div:nth-child(2) > div:nth-child(6) > dl:nth-child(1) > dd:nth-child(10) > ul:nth-child(1) > li>label], [[ChromeDriver: chrome on windows (01a7fa85bc564d6605b749aa974b4a22)] -> css selector: body > div:nth-child(4) > div:nth-child(1) > div:nth-child(5) > div:nth-child(2) > div:nth-child(2) > div:nth-child(1) > form:nth-child(1) > div:nth-child(1) > div:nth-child(1) > div:nth-child(2) > div:nth-child(6) > dl:nth-child(1) > dd:nth-child(10) > ul:nth-child(1) > li>label]]
2024-12-16 18:12:560 INFO  HomePage :63 - Click on Add To Cart Button :[[ChromeDriver: chrome on windows (01a7fa85bc564d6605b749aa974b4a22)] -> xpath: //div[@class='add-to-cart-panel']/input[2]]
2024-12-16 18:12:726 INFO  HomePage :31 - Clicking on login link : [[ChromeDriver: chrome on windows (755a3aad440acaeaa7ef549d629ccb8b)] -> link text: Log in]
2024-12-16 18:12:965 INFO  LoginPage :47 - Enter Email : [[ChromeDriver: chrome on windows (755a3aad440acaeaa7ef549d629ccb8b)] -> xpath: //input[@id='Email']]
2024-12-16 18:12:69 INFO  LoginPage :55 - Enter Password : [[ChromeDriver: chrome on windows (755a3aad440acaeaa7ef549d629ccb8b)] -> xpath: //input[@id='Password']]
2024-12-16 18:12:613 INFO  LoginPage :63 - Clicking on the login button : [[ChromeDriver: chrome on windows (755a3aad440acaeaa7ef549d629ccb8b)] -> xpath: //input[@value='Log in']]
2024-12-16 18:12:706 INFO  HomePage :21 - Logout Link :[[ChromeDriver: chrome on windows (755a3aad440acaeaa7ef549d629ccb8b)] -> xpath: //a[normalize-space()='Log out']]
2024-12-16 18:12:860 INFO  HomePage :31 - Clicking on login link : [[ChromeDriver: chrome on windows (d35844efd6fe542a77ff28290b91eee0)] -> link text: Log in]
2024-12-16 18:12:103 INFO  LoginPage :47 - Enter Email : [[ChromeDriver: chrome on windows (d35844efd6fe542a77ff28290b91eee0)] -> xpath: //input[@id='Email']]
2024-12-16 18:12:267 INFO  LoginPage :55 - Enter Password : [[ChromeDriver: chrome on windows (d35844efd6fe542a77ff28290b91eee0)] -> xpath: //input[@id='Password']]
2024-12-16 18:12:807 INFO  LoginPage :63 - Clicking on the login button : [[ChromeDriver: chrome on windows (d35844efd6fe542a77ff28290b91eee0)] -> xpath: //input[@value='Log in']]
2024-12-16 18:12:531 INFO  HomePage :30 - Click on logout link :[[ChromeDriver: chrome on windows (d35844efd6fe542a77ff28290b91eee0)] -> xpath: //a[normalize-space()='Log out']]
2024-12-16 18:12:559 INFO  HomePage :38 - Login link : [[ChromeDriver: chrome on windows (d35844efd6fe542a77ff28290b91eee0)] -> link text: Log in]
2024-12-16 18:12:838 INFO  HomePage :47 - Clicking on register link : [[ChromeDriver: chrome on windows (a9240e3324ff8f2a89d1a897c8ce2ee5)] -> xpath: //a[normalize-space()='Register']]
2024-12-16 18:12:29 INFO  HomePage :185 - Select Gender :[[[ChromeDriver: chrome on windows (a9240e3324ff8f2a89d1a897c8ce2ee5)] -> css selector: label[class='forcheckbox']], [[ChromeDriver: chrome on windows (a9240e3324ff8f2a89d1a897c8ce2ee5)] -> css selector: label[class='forcheckbox']]]
2024-12-16 18:12:90 INFO  HomePage :132 - Enter The First Name :[[ChromeDriver: chrome on windows (a9240e3324ff8f2a89d1a897c8ce2ee5)] -> css selector: #FirstName]
2024-12-16 18:12:224 INFO  HomePage :140 - Enter The Last Name :[[ChromeDriver: chrome on windows (a9240e3324ff8f2a89d1a897c8ce2ee5)] -> css selector: #LastName]
2024-12-16 18:12:335 INFO  HomePage :148 - Enter The Last email :[[ChromeDriver: chrome on windows (a9240e3324ff8f2a89d1a897c8ce2ee5)] -> css selector: #Email]
2024-12-16 18:12:529 INFO  HomePage :156 - Enter The Password :[[ChromeDriver: chrome on windows (a9240e3324ff8f2a89d1a897c8ce2ee5)] -> css selector: #Password]
2024-12-16 18:12:629 INFO  HomePage :164 - Enter The Confirm Password :[[ChromeDriver: chrome on windows (a9240e3324ff8f2a89d1a897c8ce2ee5)] -> css selector: #ConfirmPassword]
2024-12-16 18:12:544 INFO  HomePage :85 - Clicking on register button :[[ChromeDriver: chrome on windows (a9240e3324ff8f2a89d1a897c8ce2ee5)] -> xpath: //input[@id='register-button']]
2024-12-16 18:12:568 INFO  HomePage :172 - Registered User Message :[[ChromeDriver: chrome on windows (a9240e3324ff8f2a89d1a897c8ce2ee5)] -> css selector: .result]
